time=2024-11-22T15:42:01.956+05:00 level=INFO msg="Server start" "listening on address:"=:8080
time=2024-11-22T15:46:49.774+05:00 level=INFO msg="Server start" "listening on address:"=:8080
time=2024-11-22T15:49:57.205+05:00 level=INFO msg="Server start" "listening on address:"=:8080
time=2024-11-22T16:04:31.270+05:00 level=INFO msg="Server start" "listening on address:"=:8080
time=2024-11-22T16:16:48.136+05:00 level=INFO msg="Server start" "listening on address:"=:8080
time=2024-11-22T16:27:25.717+05:00 level=INFO msg="Server start" "listening on address:"=localhost:8080
time=2024-11-22T16:33:07.765+05:00 level=INFO msg="Server start" "listening on address:"=localhost:8080
time=2024-11-22T16:37:25.057+05:00 level=INFO msg="Server start" "listening on address:"=localhost:8080
time=2024-11-22T16:40:11.629+05:00 level=INFO msg="Server start" "listening on address:"=localhost:8080
time=2024-11-23T10:58:08.383+05:00 level=INFO msg="Server start" "listening on address:"=localhost:8080
time=2024-11-23T10:58:48.653+05:00 level=DEBUG msg="record created" id=1
time=2024-11-23T11:17:15.453+05:00 level=INFO msg="Server start" "listening on address:"=localhost:8080
time=2024-11-23T11:17:22.189+05:00 level=DEBUG msg="record created" id=2
time=2024-11-23T11:17:41.717+05:00 level=DEBUG msg="record created" id=3
time=2024-11-23T11:43:51.738+05:00 level=INFO msg="Server start" "listening on address:"=localhost:8080
time=2024-11-23T11:45:07.960+05:00 level=DEBUG msg="record created" id=4
time=2024-11-23T12:18:45.463+05:00 level=INFO msg="Server start" "listening on address:"=localhost:8080
time=2024-11-23T12:25:00.793+05:00 level=INFO msg="Server start" "listening on address:"=localhost:8080
time=2024-11-23T12:26:48.775+05:00 level=INFO msg="Server start" "listening on address:"=localhost:8080
time=2024-11-23T12:28:41.739+05:00 level=INFO msg="Server start" "listening on address:"=localhost:8080
time=2024-11-23T12:28:44.767+05:00 level=DEBUG msg="record updated" id=4
time=2024-11-23T12:28:44.767+05:00 level=INFO msg="PUT request success, record updated" id=4
time=2024-11-23T12:29:14.835+05:00 level=DEBUG msg="record updated" id=4
time=2024-11-23T12:29:14.835+05:00 level=INFO msg="PUT request success, record updated" id=4
time=2024-11-23T15:37:49.218+05:00 level=INFO msg="Server start" "listening on address:"=localhost:8080
time=2024-11-23T15:38:22.346+05:00 level=INFO msg="Server start" "listening on address:"=localhost:8080
time=2024-11-23T15:38:25.204+05:00 level=DEBUG msg="text selected" id=1
time=2024-11-23T15:39:56.744+05:00 level=INFO msg="Server start" "listening on address:"=localhost:8080
time=2024-11-23T15:39:59.698+05:00 level=DEBUG msg="text selected" id=1
time=2024-11-23T15:40:07.326+05:00 level=DEBUG msg="text selected" id=1
time=2024-11-23T15:40:07.326+05:00 level=INFO msg="GET request success, text selected" id=1
time=2024-11-23T15:44:01.204+05:00 level=INFO msg="Server start" "listening on address:"=localhost:8080
time=2024-11-23T15:44:06.288+05:00 level=DEBUG msg="text selected" id=1
time=2024-11-23T15:44:06.288+05:00 level=INFO msg="GET request success, text selected" id=1
time=2024-11-23T15:44:16.663+05:00 level=DEBUG msg="text selected" id=1
time=2024-11-23T15:45:48.603+05:00 level=INFO msg="Server start" "listening on address:"=localhost:8080
time=2024-11-23T15:45:51.922+05:00 level=DEBUG msg="text selected" id=1
time=2024-11-23T15:46:19.158+05:00 level=DEBUG msg="text selected" id=1
time=2024-11-23T15:46:19.158+05:00 level=INFO msg="GET request success, text selected" id=1
time=2024-11-23T15:46:23.386+05:00 level=DEBUG msg="text selected" id=1
time=2024-11-23T15:46:23.387+05:00 level=INFO msg="GET request success, text selected" id=1
time=2024-11-23T15:46:27.516+05:00 level=DEBUG msg="text selected" id=1
time=2024-11-23T15:46:34.309+05:00 level=DEBUG msg="text selected" id=2
time=2024-11-23T15:47:53.984+05:00 level=INFO msg="Server start" "listening on address:"=localhost:8080
time=2024-11-23T15:48:01.479+05:00 level=DEBUG msg="text selected" id=2
time=2024-11-23T15:48:07.866+05:00 level=DEBUG msg="text selected" id=2
time=2024-11-23T15:48:07.866+05:00 level=INFO msg="GET request success, text selected" id=2
time=2024-11-23T15:48:13.256+05:00 level=DEBUG msg="text selected" id=2
time=2024-11-23T15:48:13.257+05:00 level=INFO msg="GET request success, text selected" id=2
time=2024-11-23T15:48:18.832+05:00 level=DEBUG msg="text selected" id=2
time=2024-11-23T15:48:59.072+05:00 level=INFO msg="Server start" "listening on address:"=localhost:8080
time=2024-11-23T15:49:04.547+05:00 level=DEBUG msg="text selected" id=2
time=2024-11-23T15:49:08.788+05:00 level=DEBUG msg="text selected" id=2
time=2024-11-23T15:49:08.788+05:00 level=INFO msg="GET request success, text selected" id=2
time=2024-11-23T15:51:22.076+05:00 level=INFO msg="Server start" "listening on address:"=localhost:8080
time=2024-11-23T15:51:31.731+05:00 level=DEBUG msg="text selected" id=4
time=2024-11-23T15:51:31.731+05:00 level=INFO msg="GET request success, text selected" id=4
time=2024-11-23T15:54:20.858+05:00 level=INFO msg="Server start" "listening on address:"=localhost:8080
time=2024-11-23T16:04:31.599+05:00 level=INFO msg="Server start" "listening on address:"=localhost:8080
time=2024-11-23T16:05:16.913+05:00 level=DEBUG msg="record updated" id=4
time=2024-11-23T16:05:16.913+05:00 level=INFO msg="PUT request success, record updated" id=4
time=2024-11-23T16:12:54.158+05:00 level=INFO msg="Server start" "listening on address:"=localhost:8080
time=2024-11-23T16:13:00.471+05:00 level=DEBUG msg="record updated" id=4
time=2024-11-23T16:13:00.471+05:00 level=INFO msg="PUT request success, record updated" id=4
time=2024-11-23T16:13:14.718+05:00 level=DEBUG msg="record updated" id=4
time=2024-11-23T16:13:14.718+05:00 level=INFO msg="PUT request success, record updated" id=4
time=2024-11-23T16:13:30.802+05:00 level=DEBUG msg="record updated" id=4
time=2024-11-23T16:13:30.802+05:00 level=INFO msg="PUT request success, record updated" id=4
time=2024-11-23T16:22:39.234+05:00 level=DEBUG msg="record created" id=5
time=2024-11-23T16:22:39.235+05:00 level=INFO msg="POST request success, record created" id=5
time=2024-11-23T16:23:38.765+05:00 level=DEBUG msg="record created" id=6
time=2024-11-23T16:23:38.766+05:00 level=INFO msg="POST request success, record created" id=6
time=2024-11-23T16:27:56.135+05:00 level=INFO msg="Server start" "listening on address:"=localhost:8080
time=2024-11-23T16:28:43.161+05:00 level=DEBUG msg="remote api request" url="http://localhost:5000/info?group=Group2&song=Song2"
time=2024-11-23T16:28:43.172+05:00 level=DEBUG msg="record created" id=7
time=2024-11-23T16:28:43.172+05:00 level=INFO msg="POST request success, record created" id=7
time=2024-11-23T16:29:30.716+05:00 level=DEBUG msg="remote api request" url="http://localhost:5000/info?group=Group&song=Song2"
time=2024-11-24T12:55:33.476+05:00 level=INFO msg="Server start" "listening on address:"=localhost:8080
time=2024-11-24T12:57:52.702+05:00 level=INFO msg="GET request success, records found" number=0
time=2024-11-24T15:20:25.658+05:00 level=INFO msg="Server start" "listening on address:"=localhost:8080
time=2024-11-24T15:21:53.585+05:00 level=INFO msg="Server start" "listening on address:"=localhost:8080
time=2024-11-24T15:21:56.933+05:00 level=INFO msg="GET request success, records found" number=0
time=2024-11-24T15:23:08.496+05:00 level=INFO msg="Server start" "listening on address:"=localhost:8080
time=2024-11-24T15:26:56.916+05:00 level=INFO msg="Server start" "listening on address:"=localhost:8080
time=2024-11-24T15:27:31.594+05:00 level=INFO msg="Server start" "listening on address:"=localhost:8080
time=2024-11-24T15:28:37.603+05:00 level=INFO msg="Server start" "listening on address:"=localhost:8080
time=2024-11-24T15:29:01.857+05:00 level=INFO msg="Server start" "listening on address:"=localhost:8080
time=2024-11-24T15:29:43.104+05:00 level=INFO msg="Server start" "listening on address:"=localhost:8080
time=2024-11-24T15:30:46.183+05:00 level=INFO msg="Server start" "listening on address:"=localhost:8080
time=2024-11-24T15:32:40.645+05:00 level=INFO msg="Server start" "listening on address:"=localhost:8080
time=2024-11-24T15:33:33.627+05:00 level=INFO msg="Server start" "listening on address:"=localhost:8080
time=2024-11-24T15:34:11.315+05:00 level=INFO msg="Server start" "listening on address:"=localhost:8080
time=2024-11-24T15:36:22.616+05:00 level=INFO msg="Server start" "listening on address:"=localhost:8080
time=2024-11-24T15:37:53.694+05:00 level=INFO msg="Server start" "listening on address:"=localhost:8080
time=2024-11-24T15:37:58.732+05:00 level=INFO msg="GET request success, records found" number=1
time=2024-11-24T15:38:42.814+05:00 level=INFO msg="Server start" "listening on address:"=localhost:8080
time=2024-11-24T15:38:59.620+05:00 level=INFO msg="Server start" "listening on address:"=localhost:8080
time=2024-11-24T15:39:02.618+05:00 level=INFO msg="GET request success, records found" number=1
time=2024-11-24T15:40:37.394+05:00 level=INFO msg="Server start" "listening on address:"=localhost:8080
time=2024-11-24T15:40:44.849+05:00 level=INFO msg="GET request success, records found" number=1
time=2024-11-24T15:41:06.710+05:00 level=INFO msg="GET request success, records found" number=3
time=2024-11-24T15:42:30.785+05:00 level=INFO msg="Server start" "listening on address:"=localhost:8080
time=2024-11-24T15:42:34.927+05:00 level=INFO msg="GET request success, records found" number=3
time=2024-11-24T15:42:52.638+05:00 level=INFO msg="GET request success, records found" number=1
time=2024-11-24T15:55:59.577+05:00 level=INFO msg="Server start" "listening on address:"=localhost:8080
time=2024-11-24T15:56:07.172+05:00 level=DEBUG msg="record updated" id=4
time=2024-11-24T15:56:07.172+05:00 level=INFO msg="PUT request success, record updated" id=4
time=2024-11-24T15:56:16.101+05:00 level=DEBUG msg="remote api request" url="http://localhost:5000/info?group=Group&song=Song2"
time=2024-11-24T15:57:29.475+05:00 level=DEBUG msg="remote api request" url="http://localhost:5000/info?group=Group&song=Song2"
time=2024-11-24T15:57:29.478+05:00 level=DEBUG msg="remote api request response" status="400 Bad Request"
time=2024-11-24T15:57:39.787+05:00 level=DEBUG msg="remote api request" url="http://localhost:5000/info?group=Group2&song=Song2"
time=2024-11-24T15:57:39.788+05:00 level=DEBUG msg="remote api request response" status="200 OK"
time=2024-11-24T15:57:39.802+05:00 level=DEBUG msg="record created" id=8
time=2024-11-24T15:57:39.802+05:00 level=INFO msg="POST request success, record created" id=8
time=2024-11-24T15:58:17.635+05:00 level=DEBUG msg="remote api request" url="http://localhost:5000/info?group=Group3&song=Song3"
time=2024-11-24T15:58:17.635+05:00 level=DEBUG msg="remote api request response" status="200 OK"
time=2024-11-24T15:58:17.637+05:00 level=DEBUG msg="record created" id=9
time=2024-11-24T15:58:17.637+05:00 level=INFO msg="POST request success, record created" id=9
time=2024-11-24T15:58:42.600+05:00 level=INFO msg="GET request success, records found" number=4
time=2024-11-24T15:58:55.348+05:00 level=INFO msg="GET request success, records found" number=2
time=2024-11-24T16:09:37.518+05:00 level=INFO msg="Server start" "listening on address:"=localhost:8080
time=2024-11-24T16:10:06.183+05:00 level=INFO msg="Server start" "listening on address:"=localhost:8080
time=2024-11-24T16:10:09.091+05:00 level=INFO msg="GET request success, records found" number=2
time=2024-11-24T20:15:08.857+05:00 level=INFO msg="Server start" "listening on address:"=localhost:8080
time=2024-11-24T20:19:32.280+05:00 level=INFO msg="Server start" "listening on address:"=localhost:8080
time=2024-11-24T20:29:03.369+05:00 level=INFO msg="Server start" "listening on address:"=localhost:8080
time=2024-11-24T20:30:13.049+05:00 level=INFO msg="Server start" "listening on address:"=localhost:8080
time=2024-11-24T20:30:16.071+05:00 level=INFO msg="GET request success, records found" number=2
time=2024-11-24T20:31:48.091+05:00 level=INFO msg="GET request success, records found" number=2
time=2024-11-24T20:33:11.049+05:00 level=INFO msg="GET request success, records found" number=0
time=2024-11-24T20:33:15.900+05:00 level=INFO msg="GET request success, records found" number=2
time=2024-11-24T20:34:29.381+05:00 level=INFO msg="Server start" "listening on address:"=localhost:8080
time=2024-11-24T20:34:32.674+05:00 level=INFO msg="GET request success, records found" number=2
time=2024-11-24T21:05:22.346+05:00 level=INFO msg="Server start" "listening on address:"=localhost:8080
time=2024-11-24T21:06:12.072+05:00 level=INFO msg="GET request success, records found" number=2
time=2024-11-24T21:06:21.090+05:00 level=INFO msg="GET request success, records found" number=0
time=2024-11-24T21:06:29.897+05:00 level=INFO msg="GET request success, records found" number=2
time=2024-11-24T21:07:53.476+05:00 level=INFO msg="GET request success, records found" number=0
time=2024-11-24T21:08:02.396+05:00 level=INFO msg="GET request success, records found" number=0
time=2024-11-24T21:08:09.221+05:00 level=INFO msg="GET request success, records found" number=2
time=2024-11-24T21:08:46.726+05:00 level=INFO msg="Server start" "listening on address:"=localhost:8080
time=2024-11-24T21:08:55.509+05:00 level=INFO msg="GET request success, records found" number=2
time=2024-11-24T21:11:29.989+05:00 level=INFO msg="Server start" "listening on address:"=localhost:8080
time=2024-11-24T21:11:47.849+05:00 level=DEBUG msg=Search query="SELECT * FROM public.songs WHERE group_name='Group3' AND song_name='Song3' AND release_date='2010-01-20' ORDER BY group_name  LIMIT 20 OFFSET 0;"
time=2024-11-24T21:11:47.867+05:00 level=INFO msg="GET request success, records found" number=2
time=2024-11-24T21:14:41.422+05:00 level=INFO msg="Server start" "listening on address:"=localhost:8080
time=2024-11-24T21:14:44.981+05:00 level=DEBUG msg=Search query="SELECT * FROM public.songs WHERE group_name='Group3' AND song_name='Song3' AND release_date='2010-01-20' ORDER BY group_name  LIMIT 20 OFFSET 0;"
time=2024-11-24T21:14:44.992+05:00 level=DEBUG msg="records selected" count=2
time=2024-11-24T21:14:44.992+05:00 level=INFO msg="GET request success, records found" number=2
time=2024-11-25T10:46:09.898+05:00 level=INFO msg="Server start" "listening on address:"=localhost:8080
time=2024-11-25T11:00:26.650+05:00 level=INFO msg="Server start" "listening on address:"=localhost:8080
time=2024-11-25T11:06:12.372+05:00 level=INFO msg="Server start" "listening on address:"=localhost:8080
time=2024-11-25T11:28:57.456+05:00 level=INFO msg="Server start" "listening on address:"=localhost:8080
time=2024-11-25T11:33:38.527+05:00 level=INFO msg="Server start" "listening on address:"=localhost:8080
time=2024-11-25T11:36:06.803+05:00 level=INFO msg="Server start" "listening on address:"=localhost:8080
time=2024-11-25T11:43:49.129+05:00 level=INFO msg="Server start" "listening on address:"=localhost:8080
time=2024-11-25T11:47:40.359+05:00 level=INFO msg="Server start" "listening on address:"=localhost:8080
time=2024-11-25T12:16:57.910+05:00 level=INFO msg="Server start" "listening on address:"=localhost:8080
time=2024-11-25T12:30:18.091+05:00 level=INFO msg="Server start" "listening on address:"=localhost:8080
time=2024-11-25T12:31:22.313+05:00 level=INFO msg="Server start" "listening on address:"=localhost:8080
time=2024-11-25T12:32:02.075+05:00 level=DEBUG msg="text selected" id=1
time=2024-11-25T12:32:02.076+05:00 level=INFO msg="GET request success, text selected" id=1
time=2024-11-25T12:34:32.318+05:00 level=INFO msg="Server start" "listening on address:"=localhost:8080
time=2024-11-25T12:34:45.809+05:00 level=DEBUG msg="text selected" id=1
time=2024-11-25T12:34:45.809+05:00 level=INFO msg="GET request success, text selected" id=1
time=2024-11-25T12:36:00.089+05:00 level=DEBUG msg="text selected" id=1
time=2024-11-25T12:36:55.391+05:00 level=DEBUG msg="text selected" id=1
time=2024-11-25T12:36:55.391+05:00 level=INFO msg="GET request success, text selected" id=1
time=2024-11-25T12:37:06.913+05:00 level=DEBUG msg="text selected" id=1
time=2024-11-25T12:37:13.325+05:00 level=DEBUG msg="text selected" id=1
time=2024-11-25T12:37:13.325+05:00 level=INFO msg="GET request success, text selected" id=1
time=2024-11-25T12:50:56.217+05:00 level=INFO msg="Server start" "listening on address:"=localhost:8080
time=2024-11-25T12:51:24.477+05:00 level=DEBUG msg="text selected" id=1
time=2024-11-25T12:51:24.477+05:00 level=INFO msg="GET request success, text selected" id=1
time=2024-11-25T12:53:23.006+05:00 level=INFO msg="Server start" "listening on address:"=localhost:8080
time=2024-11-25T12:55:56.836+05:00 level=INFO msg="Server start" "listening on address:"=localhost:8080
time=2024-11-25T15:19:17.779+05:00 level=INFO msg="Server start" "listening on address:"=localhost:8080
time=2024-11-25T15:20:20.485+05:00 level=DEBUG msg="text selected" id=1
time=2024-11-25T15:20:20.485+05:00 level=INFO msg="GET request success, text selected" id=1
time=2024-11-25T15:20:43.861+05:00 level=DEBUG msg="text selected" id=1
time=2024-11-25T15:25:44.428+05:00 level=INFO msg="Server start" "listening on address:"=localhost:8080
time=2024-11-25T15:26:53.779+05:00 level=INFO msg="Server start" "listening on address:"=localhost:8080
time=2024-11-25T15:27:13.067+05:00 level=INFO msg="Server start" "listening on address:"=localhost:8080
time=2024-11-25T15:30:43.264+05:00 level=INFO msg="Server start" "listening on address:"=localhost:8080
time=2024-11-25T15:31:11.991+05:00 level=DEBUG msg="text selected" id=1
time=2024-11-25T15:31:11.991+05:00 level=INFO msg="GET request success, text selected" id=1
time=2024-11-25T15:32:29.757+05:00 level=DEBUG msg="record updated" id=4
time=2024-11-25T15:32:29.757+05:00 level=INFO msg="PUT request success, record updated" id=4
time=2024-11-25T15:37:46.368+05:00 level=DEBUG msg="record updated" id=4
time=2024-11-25T15:37:46.368+05:00 level=INFO msg="PUT request success, record updated" id=4
time=2024-11-25T15:40:01.106+05:00 level=INFO msg="Server start" "listening on address:"=localhost:8080
time=2024-11-25T15:43:11.937+05:00 level=DEBUG msg="text selected" id=1
time=2024-11-25T15:43:11.937+05:00 level=INFO msg="GET request success, text selected" id=1
time=2024-11-25T15:43:29.571+05:00 level=INFO msg="Server start" "listening on address:"=localhost:8080
time=2024-11-25T15:43:45.542+05:00 level=DEBUG msg="record updated" id=4
time=2024-11-25T15:43:45.542+05:00 level=INFO msg="PUT request success, record updated" id=4
time=2024-11-25T15:46:10.231+05:00 level=INFO msg="Server start" "listening on address:"=localhost:8080
time=2024-11-25T15:46:20.332+05:00 level=DEBUG msg="record updated" id=4
time=2024-11-25T15:46:20.332+05:00 level=INFO msg="PUT request success, record updated" id=4
time=2024-11-25T15:50:57.415+05:00 level=INFO msg="Server start" "listening on address:"=localhost:8080
time=2024-11-25T15:53:58.361+05:00 level=INFO msg="Server start" "listening on address:"=localhost:8080
time=2024-11-25T15:57:23.847+05:00 level=INFO msg="Server start" "listening on address:"=localhost:8080
time=2024-11-25T16:16:21.462+05:00 level=DEBUG msg="record updated" id=5
time=2024-11-25T16:16:21.462+05:00 level=INFO msg="PUT request success, record updated" id=5
time=2024-11-25T16:30:59.360+05:00 level=INFO msg="Server start" "listening on address:"=localhost:8080
time=2024-11-25T16:32:19.855+05:00 level=INFO msg="Server start" "listening on address:"=localhost:8080
time=2024-11-25T16:32:44.016+05:00 level=DEBUG msg="text selected" id=8
time=2024-11-25T16:32:44.016+05:00 level=INFO msg="GET request success, text selected" id=8
time=2024-11-25T16:32:51.107+05:00 level=DEBUG msg="text selected" id=8
time=2024-11-25T16:32:51.107+05:00 level=INFO msg="GET request success, text selected" id=8
time=2024-11-25T16:32:55.261+05:00 level=DEBUG msg="text selected" id=8
time=2024-11-25T16:32:55.261+05:00 level=INFO msg="GET request success, text selected" id=8
time=2024-11-25T16:33:02.633+05:00 level=DEBUG msg="record deleted" id=8
time=2024-11-25T16:33:02.633+05:00 level=INFO msg="DELETE request success, record deleted" id=8
time=2024-11-25T16:39:08.100+05:00 level=INFO msg="Server start" "listening on address:"=localhost:8080
time=2024-11-25T16:39:20.581+05:00 level=DEBUG msg="record deleted" id=7
time=2024-11-25T16:39:20.581+05:00 level=INFO msg="DELETE request success, record deleted" id=7
time=2024-11-25T16:39:53.317+05:00 level=DEBUG msg="text selected" id=1
time=2024-11-25T16:42:48.615+05:00 level=INFO msg="Server start" "listening on address:"=localhost:8080
time=2024-11-25T16:45:22.343+05:00 level=INFO msg="Server start" "listening on address:"=localhost:8080
time=2024-11-25T16:45:39.394+05:00 level=DEBUG msg="text selected" id=1
time=2024-11-25T16:45:39.394+05:00 level=INFO msg="GET request success, text selected" id=1
time=2024-11-25T16:45:46.590+05:00 level=DEBUG msg="text selected" id=1
time=2024-11-25T16:47:12.596+05:00 level=INFO msg="Server start" "listening on address:"=localhost:8080
time=2024-11-25T16:47:22.526+05:00 level=DEBUG msg="text selected" id=1
time=2024-11-25T16:47:22.526+05:00 level=INFO msg="GET request success, text selected" id=1
time=2024-11-25T16:47:45.345+05:00 level=DEBUG msg="text selected" id=1
time=2024-11-25T16:53:41.771+05:00 level=DEBUG msg="text selected" id=1
time=2024-11-25T16:53:53.781+05:00 level=DEBUG msg="text selected" id=1
time=2024-11-25T16:54:02.459+05:00 level=DEBUG msg="text selected" id=1
time=2024-11-25T16:54:02.459+05:00 level=INFO msg="GET request success, text selected" id=1
time=2024-11-25T16:54:11.377+05:00 level=DEBUG msg="text selected" id=1
time=2024-11-25T16:55:33.861+05:00 level=DEBUG msg="text selected" id=4
time=2024-11-25T16:55:33.861+05:00 level=INFO msg="GET request success, text selected" id=4
time=2024-11-25T16:55:40.374+05:00 level=DEBUG msg="text selected" id=4
time=2024-11-25T16:59:00.586+05:00 level=INFO msg="Server start" "listening on address:"=localhost:8080
time=2024-11-25T16:59:10.255+05:00 level=DEBUG msg="text selected" id=1
time=2024-11-25T16:59:10.255+05:00 level=INFO msg="GET request success, text selected" id=1
time=2024-11-25T17:03:15.534+05:00 level=INFO msg="Server start" "listening on address:"=localhost:8080
time=2024-11-25T17:03:25.816+05:00 level=DEBUG msg="text selected" id=1
time=2024-11-25T17:03:25.816+05:00 level=INFO msg="GET request success, text selected" id=1
time=2024-11-25T17:03:31.309+05:00 level=DEBUG msg="text selected" id=1
time=2024-11-25T17:09:18.791+05:00 level=INFO msg="Server start" "listening on address:"=localhost:8080
time=2024-11-25T17:13:51.696+05:00 level=INFO msg="Server start" "listening on address:"=localhost:8080
time=2024-11-25T17:18:14.681+05:00 level=INFO msg="Server start" "listening on address:"=localhost:8080
time=2024-11-25T17:18:18.923+05:00 level=DEBUG msg=Search query="SELECT * FROM public.songs WHERE group_name='Group3' AND song_name='Song3' AND release_date='2010-01-20' ORDER BY group_name  LIMIT 20 OFFSET 0;"
time=2024-11-25T17:18:18.936+05:00 level=DEBUG msg="records selected" count=1
time=2024-11-25T17:18:18.936+05:00 level=INFO msg="GET request success, records found" number=1
time=2024-11-25T17:19:22.501+05:00 level=DEBUG msg="text selected" id=1
time=2024-11-25T17:19:22.501+05:00 level=INFO msg="GET request success, text selected" id=1
time=2024-11-25T17:21:13.020+05:00 level=INFO msg="Server start" "listening on address:"=localhost:8080
time=2024-11-25T17:21:30.540+05:00 level=DEBUG msg=Search query="SELECT * FROM public.songs ORDER BY group_name  LIMIT 1 OFFSET 1;"
time=2024-11-25T17:21:30.550+05:00 level=DEBUG msg="records selected" count=1
time=2024-11-25T17:21:30.550+05:00 level=INFO msg="GET request success, records found" number=1
time=2024-11-25T17:22:25.136+05:00 level=DEBUG msg=Search query="SELECT * FROM public.songs ORDER BY group_name  LIMIT 1 OFFSET 12;"
time=2024-11-25T17:22:25.136+05:00 level=DEBUG msg="records selected" count=0
time=2024-11-25T17:22:25.137+05:00 level=INFO msg="GET request success, records found" number=0
time=2024-11-25T17:22:34.522+05:00 level=DEBUG msg=Search query="SELECT * FROM public.songs ORDER BY group_name  LIMIT 1 OFFSET 1;"
time=2024-11-25T17:22:34.523+05:00 level=DEBUG msg="records selected" count=1
time=2024-11-25T17:22:34.523+05:00 level=INFO msg="GET request success, records found" number=1
time=2024-11-25T17:25:21.976+05:00 level=INFO msg="Server start" "listening on address:"=localhost:8080
time=2024-11-25T17:25:41.708+05:00 level=DEBUG msg=Search query="SELECT * FROM public.songs WHERE group_name='Muse' ORDER BY group_name  LIMIT 1 OFFSET 1;"
time=2024-11-25T17:25:41.721+05:00 level=DEBUG msg="records selected" count=1
time=2024-11-25T17:25:41.721+05:00 level=INFO msg="GET request success, records found" number=1
time=2024-11-25T17:26:06.889+05:00 level=DEBUG msg=Search query="SELECT * FROM public.songs WHERE group_name='Muse' ORDER BY group_name  LIMIT 20 OFFSET 20;"
time=2024-11-25T17:26:06.890+05:00 level=DEBUG msg="records selected" count=0
time=2024-11-25T17:26:06.890+05:00 level=INFO msg="GET request success, records found" number=0
time=2024-11-25T17:26:16.147+05:00 level=DEBUG msg=Search query="SELECT * FROM public.songs WHERE group_name='Muse' ORDER BY group_name  LIMIT 1 OFFSET 1;"
time=2024-11-25T17:26:16.147+05:00 level=DEBUG msg="records selected" count=1
time=2024-11-25T17:26:16.147+05:00 level=INFO msg="GET request success, records found" number=1
time=2024-11-25T17:28:19.382+05:00 level=DEBUG msg=Search query="SELECT * FROM public.songs WHERE group_name='Group3' AND song_name='Song3' AND release_date='2010-01-20' ORDER BY group_name  LIMIT 1 OFFSET 1;"
time=2024-11-25T17:28:19.384+05:00 level=DEBUG msg="records selected" count=0
time=2024-11-25T17:28:19.384+05:00 level=INFO msg="GET request success, records found" number=0
time=2024-11-25T17:28:50.213+05:00 level=DEBUG msg=Search query="SELECT * FROM public.songs WHERE group_name='Muse' ORDER BY group_name  LIMIT 1 OFFSET 1;"
time=2024-11-25T17:28:50.214+05:00 level=DEBUG msg="records selected" count=1
time=2024-11-25T17:28:50.214+05:00 level=INFO msg="GET request success, records found" number=1
time=2024-11-25T17:29:16.542+05:00 level=DEBUG msg=Search query="SELECT * FROM public.songs WHERE group_name='Muse' ORDER BY group_name  LIMIT 1 OFFSET 2;"
time=2024-11-25T17:29:16.543+05:00 level=DEBUG msg="records selected" count=1
time=2024-11-25T17:29:16.543+05:00 level=INFO msg="GET request success, records found" number=1
time=2024-11-25T17:29:29.245+05:00 level=DEBUG msg=Search query="SELECT * FROM public.songs WHERE group_name='Muse' ORDER BY group_name  LIMIT 1 OFFSET 2;"
time=2024-11-25T17:29:29.246+05:00 level=DEBUG msg="records selected" count=1
time=2024-11-25T17:29:29.246+05:00 level=INFO msg="GET request success, records found" number=1
time=2024-11-25T17:31:15.937+05:00 level=DEBUG msg=Search query="SELECT * FROM public.songs WHERE group_name='Muse' AND song_name='Supermassive black Hole' ORDER BY group_name  LIMIT 1 OFFSET 2;"
time=2024-11-25T17:31:15.937+05:00 level=DEBUG msg="records selected" count=0
time=2024-11-25T17:31:15.937+05:00 level=INFO msg="GET request success, records found" number=0
time=2024-11-25T17:31:27.598+05:00 level=DEBUG msg=Search query="SELECT * FROM public.songs WHERE group_name='Muse' AND song_name='Supermassive Black Hole' ORDER BY group_name  LIMIT 1 OFFSET 2;"
time=2024-11-25T17:31:27.599+05:00 level=DEBUG msg="records selected" count=1
time=2024-11-25T17:31:27.599+05:00 level=INFO msg="GET request success, records found" number=1
time=2024-11-25T17:38:03.146+05:00 level=INFO msg="Server start" "listening on address:"=localhost:8080
time=2024-11-25T17:40:23.493+05:00 level=INFO msg="Server start" "listening on address:"=localhost:8080
time=2024-11-25T17:40:50.119+05:00 level=DEBUG msg=Search query="SELECT * FROM public.songs ORDER BY group_name  LIMIT 10 OFFSET 0;"
time=2024-11-25T17:40:50.128+05:00 level=DEBUG msg="records selected" count=6
time=2024-11-25T17:40:50.128+05:00 level=INFO msg="GET request success, records found" number=6
time=2024-11-25T17:41:02.660+05:00 level=DEBUG msg=Search query="SELECT * FROM public.songs ORDER BY group_name  LIMIT 3 OFFSET 0;"
time=2024-11-25T17:41:02.661+05:00 level=DEBUG msg="records selected" count=3
time=2024-11-25T17:41:02.661+05:00 level=INFO msg="GET request success, records found" number=3
time=2024-11-25T17:41:40.946+05:00 level=DEBUG msg=Search query="SELECT * FROM public.songs ORDER BY group_name  LIMIT 10 OFFSET 0;"
time=2024-11-25T17:41:40.946+05:00 level=DEBUG msg="records selected" count=6
time=2024-11-25T17:41:40.946+05:00 level=INFO msg="GET request success, records found" number=6
time=2024-11-25T17:41:53.622+05:00 level=DEBUG msg=Search query="SELECT * FROM public.songs WHERE group_name='Muse' ORDER BY group_name  LIMIT 10 OFFSET 0;"
time=2024-11-25T17:41:53.624+05:00 level=DEBUG msg="records selected" count=3
time=2024-11-25T17:41:53.624+05:00 level=INFO msg="GET request success, records found" number=3
time=2024-11-25T17:42:55.363+05:00 level=DEBUG msg=Search query="SELECT * FROM public.songs WHERE group_name='aaa' ORDER BY group_name  LIMIT 10 OFFSET 0;"
time=2024-11-25T17:42:55.364+05:00 level=DEBUG msg="records selected" count=0
time=2024-11-25T17:42:55.364+05:00 level=INFO msg="GET request success, records found" number=0
time=2024-11-25T17:46:47.040+05:00 level=INFO msg="Server start" "listening on address:"=localhost:8080
time=2024-11-25T17:47:16.801+05:00 level=DEBUG msg=Search query="SELECT * FROM public.songs WHERE group_name='aaa' ORDER BY group_name  LIMIT 5 OFFSET 0;"
time=2024-11-25T17:48:59.285+05:00 level=INFO msg="Server start" "listening on address:"=localhost:8080
time=2024-11-25T17:49:06.956+05:00 level=INFO msg="Server start" "listening on address:"=localhost:8080
time=2024-11-25T17:49:45.786+05:00 level=DEBUG msg=Search query="SELECT * FROM public.songs WHERE group_name='AAA' ORDER BY group_name  LIMIT 10 OFFSET 0;"
time=2024-11-25T17:50:40.019+05:00 level=INFO msg="Server start" "listening on address:"=localhost:8080
time=2024-11-25T17:51:01.262+05:00 level=DEBUG msg=Search query="SELECT * FROM public.songs WHERE group_name='aaa' ORDER BY group_name  LIMIT 10 OFFSET 0;"
time=2024-11-25T17:51:31.475+05:00 level=DEBUG msg=Search query="SELECT * FROM public.songs WHERE group_name='Muse' ORDER BY group_name  LIMIT 10 OFFSET 0;"
time=2024-11-25T17:51:31.476+05:00 level=DEBUG msg="records selected" count=3
time=2024-11-25T17:51:31.476+05:00 level=INFO msg="GET request success, records found" number=3
time=2024-11-25T17:52:58.948+05:00 level=DEBUG msg=Search query="SELECT * FROM public.songs WHERE group_name='Muse' AND release_date='2006-07-16' ORDER BY group_name  LIMIT 10 OFFSET 0;"
time=2024-11-25T17:52:58.949+05:00 level=DEBUG msg="records selected" count=3
time=2024-11-25T17:52:58.949+05:00 level=INFO msg="GET request success, records found" number=3
time=2024-11-25T17:53:05.017+05:00 level=DEBUG msg=Search query="SELECT * FROM public.songs WHERE group_name='Muse' AND release_date='2007-07-16' ORDER BY group_name  LIMIT 10 OFFSET 0;"
time=2024-11-25T17:53:10.547+05:00 level=DEBUG msg=Search query="SELECT * FROM public.songs WHERE group_name='Muse' AND release_date='2006-07-16' ORDER BY group_name  LIMIT 10 OFFSET 0;"
time=2024-11-25T17:53:10.548+05:00 level=DEBUG msg="records selected" count=3
time=2024-11-25T17:53:10.548+05:00 level=INFO msg="GET request success, records found" number=3
time=2024-11-25T17:53:34.642+05:00 level=DEBUG msg="remote api request" url="http://localhost:5000/info?group=Muse&song=Supermassive+Black+Hole"
time=2024-11-25T18:19:01.192+05:00 level=INFO msg="Server start" "listening on address:"=localhost:8080
time=2024-11-25T18:19:27.581+05:00 level=DEBUG msg="remote api request" url="http://localhost:5000/info?group=Muse&song=Supermassive+Black+Hole"
time=2024-11-25T18:34:22.534+05:00 level=INFO msg="Server start" "listening on address:"=localhost:8080
time=2024-11-25T18:34:36.165+05:00 level=DEBUG msg="remote api request" url="http://localhost:5000/info?group=Muse&song=Supermassive+Black+Hole"
time=2024-11-25T18:35:31.055+05:00 level=INFO msg="Server start" "listening on address:"=localhost:8080
time=2024-11-25T18:36:06.660+05:00 level=DEBUG msg="remote api request" url="http://localhost:5000/info?group=Muse&song=Supermassive+Black+Hole"
time=2024-11-25T18:36:06.662+05:00 level=DEBUG msg="remote api request response" status="200 OK"
time=2024-11-25T18:36:06.674+05:00 level=DEBUG msg="record created" id=10
time=2024-11-25T18:36:06.674+05:00 level=INFO msg="POST request success, record created" id=10
time=2024-11-25T18:38:18.012+05:00 level=INFO msg="Server start" "listening on address:"=localhost:8080
time=2024-11-25T18:38:50.223+05:00 level=DEBUG msg="remote api request" url="http://localhost:5000/info?group=Muse&song=Supermassive+Black+Hole"
time=2024-11-25T18:38:50.225+05:00 level=DEBUG msg="remote api request response" status="200 OK"
time=2024-11-25T18:38:50.238+05:00 level=DEBUG msg="record created" id=11
time=2024-11-25T18:38:50.238+05:00 level=INFO msg="POST request success, record created" id=11
time=2024-11-25T18:39:45.702+05:00 level=INFO msg="Server start" "listening on address:"=localhost:8080
time=2024-11-25T18:40:15.945+05:00 level=DEBUG msg="remote api request" url="http://localhost:5000/info?group=Muse&song=Supermassive+Black+Hole"
time=2024-11-25T18:40:15.946+05:00 level=DEBUG msg="remote api request response" status="200 OK"
time=2024-11-25T18:40:15.962+05:00 level=DEBUG msg="record created" id=12
time=2024-11-25T18:40:15.962+05:00 level=INFO msg="POST request success, record created" id=12
time=2024-11-25T18:40:59.238+05:00 level=DEBUG msg="remote api request" url="http://localhost:5000/info?group=Musee&song=Supermassive+Black+Hole"
time=2024-11-25T18:40:59.239+05:00 level=DEBUG msg="remote api request response" status="400 Bad Request"
time=2024-11-25T18:44:46.070+05:00 level=INFO msg="Server start" "listening on address:"=localhost:8080
time=2024-11-25T18:44:48.757+05:00 level=DEBUG msg="remote api request" url="http://localhost:5000/info?group=Musee&song=Supermassive+Black+Hole"
time=2024-11-25T18:44:48.758+05:00 level=DEBUG msg="remote api request response" status="400 Bad Request"
time=2024-11-25T20:00:03.619+05:00 level=INFO msg="Server start" "listening on address:"=localhost:8080
time=2024-11-25T20:00:27.403+05:00 level=DEBUG msg="remote api request" url="http://localhost:5000/info?group=Musee&song=Supermassive+Black+Hole"
time=2024-11-25T20:00:27.404+05:00 level=DEBUG msg="remote api request response" status="400 Bad Request"
time=2024-11-25T20:00:47.712+05:00 level=DEBUG msg="remote api request" url="http://localhost:5000/info?group=Muse&song=Supermassive+Black+Hole"
time=2024-11-25T20:00:47.712+05:00 level=DEBUG msg="remote api request response" status="200 OK"
time=2024-11-25T20:02:48.700+05:00 level=INFO msg="Server start" "listening on address:"=localhost:8080
time=2024-11-25T20:03:15.196+05:00 level=DEBUG msg="remote api request" url="http://localhost:5000/info?group=Muse&song=Supermassive+Black+Hole"
time=2024-11-25T20:03:15.198+05:00 level=DEBUG msg="remote api request response" status="200 OK"
time=2024-11-25T20:03:15.210+05:00 level=DEBUG msg="record created" id=1
time=2024-11-25T20:03:15.210+05:00 level=INFO msg="POST request success, record created" id=1
time=2024-11-25T20:04:36.926+05:00 level=INFO msg="Server start" "listening on address:"=localhost:8080
time=2024-11-25T20:04:51.282+05:00 level=DEBUG msg="remote api request" url="http://localhost:5000/info?group=Muse&song=Supermassive+Black+Hole"
time=2024-11-25T20:04:51.283+05:00 level=DEBUG msg="remote api request response" status="200 OK"
time=2024-11-25T20:04:51.297+05:00 level=DEBUG msg="record created" id=1
time=2024-11-25T20:04:51.297+05:00 level=INFO msg="POST request success, record created" id=1
time=2024-11-25T20:05:30.373+05:00 level=DEBUG msg="remote api request" url="http://localhost:5000/info?group=Musee&song=Supermassive+Black+Hole"
time=2024-11-25T20:05:30.373+05:00 level=DEBUG msg="remote api request response" status="400 Bad Request"
time=2024-11-25T20:05:56.945+05:00 level=DEBUG msg="remote api request" url="http://localhost:5000/info?group=Muse&song=Supermassive+Black+Hole"
time=2024-11-25T20:05:56.945+05:00 level=DEBUG msg="remote api request response" status="200 OK"
time=2024-11-25T20:05:56.947+05:00 level=DEBUG msg="record created" id=2
time=2024-11-25T20:05:56.947+05:00 level=INFO msg="POST request success, record created" id=2
time=2024-11-25T20:06:30.471+05:00 level=DEBUG msg=Search query="SELECT * FROM public.songs ORDER BY group_name  LIMIT 10 OFFSET 0;"
time=2024-11-25T20:06:30.473+05:00 level=DEBUG msg="records selected" count=2
time=2024-11-25T20:06:30.473+05:00 level=INFO msg="GET request success, records found" number=2
time=2024-11-25T20:07:18.194+05:00 level=DEBUG msg="remote api request" url="http://localhost:5000/info?group=Group3&song=Song3"
time=2024-11-25T20:07:18.195+05:00 level=DEBUG msg="remote api request response" status="200 OK"
time=2024-11-25T20:07:18.196+05:00 level=DEBUG msg="record created" id=3
time=2024-11-25T20:07:18.196+05:00 level=INFO msg="POST request success, record created" id=3
time=2024-11-25T20:07:38.577+05:00 level=DEBUG msg=Search query="SELECT * FROM public.songs ORDER BY group_name  LIMIT 10 OFFSET 0;"
time=2024-11-25T20:07:38.579+05:00 level=DEBUG msg="records selected" count=3
time=2024-11-25T20:07:38.579+05:00 level=INFO msg="GET request success, records found" number=3
time=2024-11-25T20:08:00.910+05:00 level=DEBUG msg=Search query="SELECT * FROM public.songs WHERE group_name='Group3' ORDER BY group_name  LIMIT 10 OFFSET 0;"
time=2024-11-25T20:08:00.912+05:00 level=DEBUG msg="records selected" count=1
time=2024-11-25T20:08:00.912+05:00 level=INFO msg="GET request success, records found" number=1
time=2024-11-25T20:09:15.472+05:00 level=DEBUG msg=Search query="SELECT * FROM public.songs WHERE group_name='Group3' AND release_date='2006-07-16' ORDER BY group_name  LIMIT 10 OFFSET 0;"
time=2024-11-25T20:09:22.151+05:00 level=DEBUG msg=Search query="SELECT * FROM public.songs WHERE release_date='2006-07-16' ORDER BY group_name  LIMIT 10 OFFSET 0;"
time=2024-11-25T20:09:22.152+05:00 level=DEBUG msg="records selected" count=2
time=2024-11-25T20:09:22.152+05:00 level=INFO msg="GET request success, records found" number=2
time=2024-11-25T20:15:06.020+05:00 level=INFO msg="Server start" "listening on address:"=localhost:8080
time=2024-11-25T20:16:37.308+05:00 level=INFO msg="Server start" "listening on address:"=localhost:8080
time=2024-11-25T20:17:04.346+05:00 level=DEBUG msg="record updated" id=2
time=2024-11-25T20:17:04.346+05:00 level=INFO msg="PUT request success, record updated" id=2
time=2024-11-25T20:17:23.497+05:00 level=DEBUG msg="record updated" id=2
time=2024-11-25T20:17:23.497+05:00 level=INFO msg="PUT request success, record updated" id=2
time=2024-11-25T20:17:59.211+05:00 level=DEBUG msg="text selected" id=1
time=2024-11-25T20:17:59.211+05:00 level=INFO msg="GET request success, text selected" id=1
time=2024-11-25T20:18:08.336+05:00 level=DEBUG msg="text selected" id=1
time=2024-11-25T20:18:08.336+05:00 level=INFO msg="GET request success, text selected" id=1
time=2024-11-25T20:18:12.000+05:00 level=DEBUG msg="text selected" id=1
time=2024-11-25T20:18:38.924+05:00 level=DEBUG msg=Search query="SELECT * FROM public.songs WHERE group_name='Muse' ORDER BY group_name  LIMIT 1 OFFSET 0;"
time=2024-11-25T20:18:38.926+05:00 level=DEBUG msg="records selected" count=1
time=2024-11-25T20:18:38.926+05:00 level=INFO msg="GET request success, records found" number=1
time=2024-11-25T20:18:54.088+05:00 level=DEBUG msg=Search query="SELECT * FROM public.songs WHERE group_name='Muse' ORDER BY group_name  LIMIT 2 OFFSET 0;"
time=2024-11-25T20:18:54.089+05:00 level=DEBUG msg="records selected" count=2
time=2024-11-25T20:18:54.089+05:00 level=INFO msg="GET request success, records found" number=2
time=2024-11-25T20:19:19.172+05:00 level=DEBUG msg="record deleted" id=3
time=2024-11-25T20:19:19.172+05:00 level=INFO msg="DELETE request success, record deleted" id=3
time=2024-11-25T20:21:55.665+05:00 level=DEBUG msg="remote api request" url="http://localhost:5000/info?group=Muse&song=Supermassive+Black+Hole"
time=2024-11-25T20:21:55.666+05:00 level=DEBUG msg="remote api request response" status="200 OK"
time=2024-11-25T20:21:55.668+05:00 level=DEBUG msg="record created" id=4
time=2024-11-25T20:21:55.668+05:00 level=INFO msg="POST request success, record created" id=4
time=2024-11-25T20:24:17.252+05:00 level=DEBUG msg="remote api request" url="http://localhost:5000/info?group=Muse&song=Supermassive+Black+Hole"
time=2024-11-25T20:24:17.253+05:00 level=DEBUG msg="remote api request response" status="200 OK"
time=2024-11-25T20:24:17.254+05:00 level=DEBUG msg="record created" id=5
time=2024-11-25T20:24:17.254+05:00 level=INFO msg="POST request success, record created" id=5
time=2024-11-25T20:24:42.675+05:00 level=DEBUG msg="remote api request" url="http://localhost:5000/info?group=Group3&song=Song3"
time=2024-11-25T20:24:42.676+05:00 level=DEBUG msg="remote api request response" status="200 OK"
time=2024-11-25T20:24:42.678+05:00 level=DEBUG msg="record created" id=6
time=2024-11-25T20:24:42.678+05:00 level=INFO msg="POST request success, record created" id=6
time=2024-11-25T20:26:30.421+05:00 level=INFO msg="Server start" "listening on address:"=localhost:8080
time=2024-11-25T20:26:41.689+05:00 level=DEBUG msg="remote api request" url="http://localhost:5500/info?group=Group3&song=Song3"
time=2024-11-25T20:27:31.964+05:00 level=INFO msg="Server start" "listening on address:"=localhost:8080
time=2024-11-25T20:27:38.951+05:00 level=DEBUG msg="remote api request" url="http://localhost:5000/info?group=Group3&song=Song3"
time=2024-11-25T20:27:38.952+05:00 level=DEBUG msg="remote api request response" status="200 OK"
time=2024-11-25T20:27:38.964+05:00 level=DEBUG msg="record created" id=7
time=2024-11-25T20:27:38.964+05:00 level=INFO msg="POST request success, record created" id=7
time=2024-11-25T20:28:02.807+05:00 level=DEBUG msg="text selected" id=1
time=2024-11-25T20:28:10.485+05:00 level=DEBUG msg="text selected" id=7
time=2024-11-25T20:28:10.485+05:00 level=INFO msg="GET request success, text selected" id=7
time=2024-11-25T20:28:21.592+05:00 level=DEBUG msg="text selected" id=7
time=2024-11-25T20:28:21.592+05:00 level=INFO msg="GET request success, text selected" id=7
time=2024-11-25T20:28:31.329+05:00 level=DEBUG msg="text selected" id=7
time=2024-11-25T20:50:20.142+05:00 level=INFO msg="Server start" "listening on address:"=localhost:8080
time=2024-11-25T20:51:04.488+05:00 level=DEBUG msg="record deleted" id=5
time=2024-11-25T20:51:04.488+05:00 level=INFO msg="DELETE request success, record deleted" id=5
time=2024-11-25T20:58:19.928+05:00 level=INFO msg="Server start" "listening on address:"=localhost:8080
time=2024-11-25T20:59:24.944+05:00 level=DEBUG msg=Search query="SELECT * FROM public.songs ORDER BY group_name  LIMIT 1 OFFSET 0;"
